2019-01-22 17:50:27 ERROR UserDao:67 - java.sql.SQLException: Column 'id_user' not found.
2019-01-22 17:50:27 ERROR UserDao:48 - java.sql.SQLIntegrityConstraintViolationException: Duplicate entry '2pac' for key 'username'
2019-01-22 17:50:27 ERROR UserDao:48 - java.sql.SQLIntegrityConstraintViolationException: Duplicate entry 'IceCube' for key 'username'
2019-01-22 17:50:27 ERROR UserDao:48 - java.sql.SQLIntegrityConstraintViolationException: Duplicate entry 'Eminem' for key 'username'
2019-01-22 17:55:30 ERROR UserDao:48 - java.sql.SQLIntegrityConstraintViolationException: Duplicate entry '2pac' for key 'username'
2019-01-22 17:55:30 ERROR UserDao:48 - java.sql.SQLIntegrityConstraintViolationException: Duplicate entry 'IceCube' for key 'username'
2019-01-22 17:55:30 ERROR UserDao:48 - java.sql.SQLIntegrityConstraintViolationException: Duplicate entry 'Eminem' for key 'username'
2019-01-22 17:55:59 ERROR UserDao:48 - java.sql.SQLIntegrityConstraintViolationException: Duplicate entry '2pac' for key 'username'
2019-01-22 17:55:59 ERROR UserDao:48 - java.sql.SQLIntegrityConstraintViolationException: Duplicate entry 'IceCube' for key 'username'
2019-01-22 17:55:59 ERROR UserDao:48 - java.sql.SQLIntegrityConstraintViolationException: Duplicate entry 'Eminem' for key 'username'
2019-01-22 19:22:06 ERROR UserDao:48 - java.sql.SQLIntegrityConstraintViolationException: Duplicate entry '2pac' for key 'username'
2019-01-22 19:22:06 ERROR UserDao:48 - java.sql.SQLIntegrityConstraintViolationException: Duplicate entry 'IceCube' for key 'username'
2019-01-22 19:22:06 ERROR UserDao:48 - java.sql.SQLIntegrityConstraintViolationException: Duplicate entry 'Eminem' for key 'username'
2019-01-23 19:05:24 ERROR UserDao:135 - java.sql.SQLException: Parameter index out of range (3 > number of parameters, which is 1).
2019-01-23 19:06:59 ERROR UserDao:48 - java.sql.SQLIntegrityConstraintViolationException: Duplicate entry '2pac' for key 'username'
2019-01-23 19:06:59 ERROR UserDao:48 - java.sql.SQLIntegrityConstraintViolationException: Duplicate entry 'IceCube' for key 'username'
2019-01-23 19:06:59 ERROR UserDao:48 - java.sql.SQLIntegrityConstraintViolationException: Duplicate entry 'Eminem' for key 'username'
2019-01-23 19:07:00 ERROR UserDao:135 - java.sql.SQLException: Parameter index out of range (3 > number of parameters, which is 1).
2019-01-23 19:07:23 ERROR UserDao:135 - java.sql.SQLException: Parameter index out of range (3 > number of parameters, which is 1).
2019-01-23 19:09:31 ERROR UserDao:135 - java.sql.SQLException: Parameter index out of range (3 > number of parameters, which is 1).
